2017-02-18 17:15:09
Full thread dump Java HotSpot(TM) 64-Bit Server VM (24.80-b11 mixed mode):

"Attach Listener" daemon prio=10 tid=0x00007f7608001000 nid=0x1ef8 waiting on condition [0x0000000000000000]
   java.lang.Thread.State: RUNNABLE

"DestroyJavaVM" prio=10 tid=0x00007f762c00a800 nid=0x1e7c waiting on condition [0x0000000000000000]
   java.lang.Thread.State: RUNNABLE

"Thread-3" prio=10 tid=0x00007f762c12a800 nid=0x1e8f waiting for monitor entry [0x00007f7621d63000]
   java.lang.Thread.State: BLOCKED (on object monitor)
	at com.epam.troubleshooting.deadlock.Main$4.run(Main.java:62)
	- waiting to lock <0x00000000eebd0b10> (a java.lang.Object)
	- locked <0x00000000eebd0b40> (a java.lang.Object)

"Thread-2" prio=10 tid=0x00007f762c11d800 nid=0x1e8e waiting for monitor entry [0x00007f7621e64000]
   java.lang.Thread.State: BLOCKED (on object monitor)
	at com.epam.troubleshooting.deadlock.Main$3.run(Main.java:48)
	- waiting to lock <0x00000000eebd0b40> (a java.lang.Object)
	- locked <0x00000000eebd0b30> (a java.lang.Object)

"Thread-1" prio=10 tid=0x00007f762c11c000 nid=0x1e8d waiting for monitor entry [0x00007f7621f65000]
   java.lang.Thread.State: BLOCKED (on object monitor)
	at com.epam.troubleshooting.deadlock.Main$2.run(Main.java:34)
	- waiting to lock <0x00000000eebd0b30> (a java.lang.Object)
	- locked <0x00000000eebd0b20> (a java.lang.Object)

"Thread-0" prio=10 tid=0x00007f762c11b000 nid=0x1e8c waiting for monitor entry [0x00007f7622066000]
   java.lang.Thread.State: BLOCKED (on object monitor)
	at com.epam.troubleshooting.deadlock.Main$1.run(Main.java:20)
	- waiting to lock <0x00000000eebd0b20> (a java.lang.Object)
	- locked <0x00000000eebd0b10> (a java.lang.Object)

"Monitor Ctrl-Break" daemon prio=10 tid=0x00007f762c120000 nid=0x1e8b runnable [0x00007f762237e000]
   java.lang.Thread.State: RUNNABLE
	at java.net.SocketInputStream.socketRead0(Native Method)
	at java.net.SocketInputStream.read(SocketInputStream.java:152)
	at java.net.SocketInputStream.read(SocketInputStream.java:122)
	at sun.nio.cs.StreamDecoder.readBytes(StreamDecoder.java:283)
	at sun.nio.cs.StreamDecoder.implRead(StreamDecoder.java:325)
	at sun.nio.cs.StreamDecoder.read(StreamDecoder.java:177)
	- locked <0x00000000eeb8f7b8> (a java.io.InputStreamReader)
	at java.io.InputStreamReader.read(InputStreamReader.java:184)
	at java.io.BufferedReader.fill(BufferedReader.java:154)
	at java.io.BufferedReader.readLine(BufferedReader.java:317)
	- locked <0x00000000eeb8f7b8> (a java.io.InputStreamReader)
	at java.io.BufferedReader.readLine(BufferedReader.java:382)
	at com.intellij.rt.execution.application.AppMain$1.run(AppMain.java:84)
	at java.lang.Thread.run(Thread.java:745)

"Service Thread" daemon prio=10 tid=0x00007f762c099800 nid=0x1e88 runnable [0x0000000000000000]
   java.lang.Thread.State: RUNNABLE

"C2 CompilerThread1" daemon prio=10 tid=0x00007f762c097800 nid=0x1e87 waiting on condition [0x0000000000000000]
   java.lang.Thread.State: RUNNABLE

"C2 CompilerThread0" daemon prio=10 tid=0x00007f762c094800 nid=0x1e86 waiting on condition [0x0000000000000000]
   java.lang.Thread.State: RUNNABLE

"Signal Dispatcher" daemon prio=10 tid=0x00007f762c092000 nid=0x1e85 runnable [0x0000000000000000]
   java.lang.Thread.State: RUNNABLE

"Finalizer" daemon prio=10 tid=0x00007f762c070800 nid=0x1e83 in Object.wait() [0x00007f7628dfc000]
   java.lang.Thread.State: WAITING (on object monitor)
	at java.lang.Object.wait(Native Method)
	- waiting on <0x00000000eeb04858> (a java.lang.ref.ReferenceQueue$Lock)
	at java.lang.ref.ReferenceQueue.remove(ReferenceQueue.java:135)
	- locked <0x00000000eeb04858> (a java.lang.ref.ReferenceQueue$Lock)
	at java.lang.ref.ReferenceQueue.remove(ReferenceQueue.java:151)
	at java.lang.ref.Finalizer$FinalizerThread.run(Finalizer.java:209)

"Reference Handler" daemon prio=10 tid=0x00007f762c06e800 nid=0x1e82 in Object.wait() [0x00007f7628efd000]
   java.lang.Thread.State: WAITING (on object monitor)
	at java.lang.Object.wait(Native Method)
	- waiting on <0x00000000eeb04470> (a java.lang.ref.Reference$Lock)
	at java.lang.Object.wait(Object.java:503)
	at java.lang.ref.Reference$ReferenceHandler.run(Reference.java:133)
	- locked <0x00000000eeb04470> (a java.lang.ref.Reference$Lock)

"VM Thread" prio=10 tid=0x00007f762c06a000 nid=0x1e81 runnable 

"GC task thread#0 (ParallelGC)" prio=10 tid=0x00007f762c020000 nid=0x1e7d runnable 

"GC task thread#1 (ParallelGC)" prio=10 tid=0x00007f762c022000 nid=0x1e7e runnable 

"GC task thread#2 (ParallelGC)" prio=10 tid=0x00007f762c024000 nid=0x1e7f runnable 

"GC task thread#3 (ParallelGC)" prio=10 tid=0x00007f762c026000 nid=0x1e80 runnable 

"VM Periodic Task Thread" prio=10 tid=0x00007f762c0a4800 nid=0x1e8a waiting on condition 

JNI global references: 144


Found one Java-level deadlock:
=============================
"Thread-3":
  waiting to lock monitor 0x00007f75e8003778 (object 0x00000000eebd0b10, a java.lang.Object),
  which is held by "Thread-0"
"Thread-0":
  waiting to lock monitor 0x00007f7610004e28 (object 0x00000000eebd0b20, a java.lang.Object),
  which is held by "Thread-1"
"Thread-1":
  waiting to lock monitor 0x00007f76100062c8 (object 0x00000000eebd0b30, a java.lang.Object),
  which is held by "Thread-2"
"Thread-2":
  waiting to lock monitor 0x00007f75e8002178 (object 0x00000000eebd0b40, a java.lang.Object),
  which is held by "Thread-3"

Java stack information for the threads listed above:
===================================================
"Thread-3":
	at com.epam.troubleshooting.deadlock.Main$4.run(Main.java:62)
	- waiting to lock <0x00000000eebd0b10> (a java.lang.Object)
	- locked <0x00000000eebd0b40> (a java.lang.Object)
"Thread-0":
	at com.epam.troubleshooting.deadlock.Main$1.run(Main.java:20)
	- waiting to lock <0x00000000eebd0b20> (a java.lang.Object)
	- locked <0x00000000eebd0b10> (a java.lang.Object)
"Thread-1":
	at com.epam.troubleshooting.deadlock.Main$2.run(Main.java:34)
	- waiting to lock <0x00000000eebd0b30> (a java.lang.Object)
	- locked <0x00000000eebd0b20> (a java.lang.Object)
"Thread-2":
	at com.epam.troubleshooting.deadlock.Main$3.run(Main.java:48)
	- waiting to lock <0x00000000eebd0b40> (a java.lang.Object)
	- locked <0x00000000eebd0b30> (a java.lang.Object)

Found 1 deadlock.

